<?xml version="1.0" encoding="UTF-8"?>
<!-- Generated by org.testng.reporters.JUnitXMLReporter -->
<testsuite ignored="0" hostname="SAGAR" failures="0" tests="4" name="Default test" time="4.1" errors="0" timestamp="2023-07-22T00:09:48 IST">
  <testcase classname="TestLayer.RegisterPageTest" name="validateGeneralDetailFunctionality" time="1.029"/>
  <testcase classname="TestLayer.RegisterPageTest" name="validateChooseAnswerFunctionality" time="0.147"/>
  <testcase classname="TestLayer.RegisterPageTest" name="validateUserTypeFunctionality" time="0.039"/>
  <testcase classname="TestLayer.RegisterPageTest" name="validateChooseIdPasswordFunctionality" time="0.209"/>
</testsuite> <!-- Default test -->
