<?xml version="1.0" encoding="UTF-8"?>
<testng-results ignored="0" total="4" passed="4" failed="0" skipped="0">
  <reporter-output>
  </reporter-output>
  <suite started-at="2023-07-22T00:09:44 IST" name="Default suite" finished-at="2023-07-22T00:09:48 IST" duration-ms="4100">
    <groups>
    </groups>
    <test started-at="2023-07-22T00:09:44 IST" name="Default test" finished-at="2023-07-22T00:09:48 IST" duration-ms="4100">
      <class name="TestLayer.RegisterPageTest">
        <test-method is-config="true" signature="setUp()[pri:0, instance:TestLayer.RegisterPageTest@4c1909a3]" started-at="2023-07-22T00:09:44 IST" name="setUp" finished-at="2023-07-22T00:09:46 IST" duration-ms="2648" status="PASS">
          <reporter-output>
          </reporter-output>
        </test-method> <!-- setUp -->
        <test-method signature="validateGeneralDetailFunctionality()[pri:1, instance:TestLayer.RegisterPageTest@4c1909a3]" started-at="2023-07-22T00:09:46 IST" name="validateGeneralDetailFunctionality" finished-at="2023-07-22T00:09:47 IST" duration-ms="1029" status="PASS">
          <reporter-output>
          </reporter-output>
        </test-method> <!-- validateGeneralDetailFunctionality -->
        <test-method signature="validateChooseAnswerFunctionality()[pri:2, instance:TestLayer.RegisterPageTest@4c1909a3]" started-at="2023-07-22T00:09:47 IST" name="validateChooseAnswerFunctionality" finished-at="2023-07-22T00:09:47 IST" duration-ms="147" status="PASS">
          <reporter-output>
          </reporter-output>
        </test-method> <!-- validateChooseAnswerFunctionality -->
        <test-method signature="validateUserTypeFunctionality()[pri:3, instance:TestLayer.RegisterPageTest@4c1909a3]" started-at="2023-07-22T00:09:47 IST" name="validateUserTypeFunctionality" finished-at="2023-07-22T00:09:47 IST" duration-ms="39" status="PASS">
          <reporter-output>
          </reporter-output>
        </test-method> <!-- validateUserTypeFunctionality -->
        <test-method signature="validateChooseIdPasswordFunctionality()[pri:4, instance:TestLayer.RegisterPageTest@4c1909a3]" started-at="2023-07-22T00:09:47 IST" name="validateChooseIdPasswordFunctionality" finished-at="2023-07-22T00:09:48 IST" duration-ms="209" status="PASS">
          <reporter-output>
          </reporter-output>
        </test-method> <!-- validateChooseIdPasswordFunctionality -->
      </class> <!-- TestLayer.RegisterPageTest -->
    </test> <!-- Default test -->
  </suite> <!-- Default suite -->
</testng-results>
